<?xml version="1.0" encoding="UTF-8"?>
<testsuite xmlns:xsi="http://www.w3.org/2001/XMLSchema-instance" xsi:noNamespaceSchemaLocation="https://maven.apache.org/surefire/maven-surefire-plugin/xsd/surefire-test-report-3.0.xsd" version="3.0" name="com.uendel.ClassifierTest" time="0.317" tests="8" errors="0" skipped="0" failures="0">
  <properties>
[...]
</properties>
  <testcase name="shouldClassifyAsMedium" classname="com.uendel.ClassifierTest" time="0.207"/>
  <testcase name="shouldClassifyNegativeGenericAsLow" classname="com.uendel.ClassifierTest" time="0.002"/>
  <testcase name="shouldClassifyAsHigh" classname="com.uendel.ClassifierTest" time="0.001"/>
  <testcase name="shouldClassifyLargeNumberAsHigh" classname="com.uendel.ClassifierTest" time="0.002"/>
  <testcase name="shouldClassifyZeroAsLow" classname="com.uendel.ClassifierTest" time="0.002"/>
  <testcase name="shouldClassifyElevenAsHigh" classname="com.uendel.ClassifierTest" time="0.002"/>
  <testcase name="shouldClassifyAsRareCase" classname="com.uendel.ClassifierTest" time="0.001"/>
  <testcase name="shouldClassifyAsLow" classname="com.uendel.ClassifierTest" time="0.002"/>
</testsuite>